::1 - - [17/Apr/2020:08:15:52 +0000] "OPTIONS /api/users//login HTTP/1.1" 200 4 "http://localhost:4200/auth/login" "Mozilla/5.0 (Windows NT 10.0; Win64; x64) AppleWebKit/537.36 (KHTML, like Gecko) Chrome/80.0.3987.163 Safari/537.36"
::1 - - [17/Apr/2020:08:15:52 +0000] "POST /api/users//login HTTP/1.1" 200 320 "http://localhost:4200/auth/login" "Mozilla/5.0 (Windows NT 10.0; Win64; x64) AppleWebKit/537.36 (KHTML, like Gecko) Chrome/80.0.3987.163 Safari/537.36"
::1 - - [17/Apr/2020:08:15:52 +0000] "OPTIONS /api/posts/?pagesize=4&page=1 HTTP/1.1" 200 13 "http://localhost:4200/" "Mozilla/5.0 (Windows NT 10.0; Win64; x64) AppleWebKit/537.36 (KHTML, like Gecko) Chrome/80.0.3987.163 Safari/537.36"
::1 - - [17/Apr/2020:08:15:52 +0000] "GET /api/posts/?pagesize=4&page=1 HTTP/1.1" 304 - "http://localhost:4200/" "Mozilla/5.0 (Windows NT 10.0; Win64; x64) AppleWebKit/537.36 (KHTML, like Gecko) Chrome/80.0.3987.163 Safari/537.36"
::1 - - [17/Apr/2020:08:37:24 +0000] "OPTIONS /api/posts/?pagesize=4&page=1 HTTP/1.1" 200 13 "http://localhost:4200/" "Mozilla/5.0 (Windows NT 10.0; Win64; x64) AppleWebKit/537.36 (KHTML, like Gecko) Chrome/80.0.3987.163 Safari/537.36"
::1 - - [17/Apr/2020:08:37:25 +0000] "GET /api/posts/?pagesize=4&page=1 HTTP/1.1" 304 - "http://localhost:4200/" "Mozilla/5.0 (Windows NT 10.0; Win64; x64) AppleWebKit/537.36 (KHTML, like Gecko) Chrome/80.0.3987.163 Safari/537.36"
::1 - - [17/Apr/2020:08:37:25 +0000] "GET /images/jwt-1587110864970.png HTTP/1.1" 304 - "http://localhost:4200/" "Mozilla/5.0 (Windows NT 10.0; Win64; x64) AppleWebKit/537.36 (KHTML, like Gecko) Chrome/80.0.3987.163 Safari/537.36"
::1 - - [17/Apr/2020:08:37:25 +0000] "GET /images/hassan-1586882253269.jpg HTTP/1.1" 304 - "http://localhost:4200/" "Mozilla/5.0 (Windows NT 10.0; Win64; x64) AppleWebKit/537.36 (KHTML, like Gecko) Chrome/80.0.3987.163 Safari/537.36"
::1 - - [17/Apr/2020:08:37:25 +0000] "GET /images/new-book-1586882142900.jpg HTTP/1.1" 304 - "http://localhost:4200/" "Mozilla/5.0 (Windows NT 10.0; Win64; x64) AppleWebKit/537.36 (KHTML, like Gecko) Chrome/80.0.3987.163 Safari/537.36"
::1 - - [17/Apr/2020:08:37:28 +0000] "GET /api/posts/?pagesize=4&page=1 HTTP/1.1" 304 - "http://localhost:4200/" "Mozilla/5.0 (Windows NT 10.0; Win64; x64) AppleWebKit/537.36 (KHTML, like Gecko) Chrome/80.0.3987.163 Safari/537.36"
::1 - - [17/Apr/2020:08:37:28 +0000] "GET /images/jwt-1587110864970.png HTTP/1.1" 304 - "http://localhost:4200/" "Mozilla/5.0 (Windows NT 10.0; Win64; x64) AppleWebKit/537.36 (KHTML, like Gecko) Chrome/80.0.3987.163 Safari/537.36"
::1 - - [17/Apr/2020:08:37:28 +0000] "GET /images/hassan-1586882253269.jpg HTTP/1.1" 304 - "http://localhost:4200/" "Mozilla/5.0 (Windows NT 10.0; Win64; x64) AppleWebKit/537.36 (KHTML, like Gecko) Chrome/80.0.3987.163 Safari/537.36"
::1 - - [17/Apr/2020:08:37:28 +0000] "GET /images/new-book-1586882142900.jpg HTTP/1.1" 304 - "http://localhost:4200/" "Mozilla/5.0 (Windows NT 10.0; Win64; x64) AppleWebKit/537.36 (KHTML, like Gecko) Chrome/80.0.3987.163 Safari/537.36"
::1 - - [17/Apr/2020:08:37:33 +0000] "OPTIONS /api/posts/?pagesize=4&page=1 HTTP/1.1" 200 13 "http://localhost:4200/" "Mozilla/5.0 (Windows NT 10.0; Win64; x64) AppleWebKit/537.36 (KHTML, like Gecko) Chrome/80.0.3987.163 Safari/537.36"
::1 - - [17/Apr/2020:08:37:33 +0000] "GET /api/posts/?pagesize=4&page=1 HTTP/1.1" 304 - "http://localhost:4200/" "Mozilla/5.0 (Windows NT 10.0; Win64; x64) AppleWebKit/537.36 (KHTML, like Gecko) Chrome/80.0.3987.163 Safari/537.36"
::1 - - [17/Apr/2020:09:13:17 +0000] "OPTIONS /api/posts/5e95e6cdc483c4154c37ba01 HTTP/1.1" 200 19 "http://localhost:4200/post-details/5e95e6cdc483c4154c37ba01" "Mozilla/5.0 (Windows NT 10.0; Win64; x64) AppleWebKit/537.36 (KHTML, like Gecko) Chrome/80.0.3987.163 Safari/537.36"
::1 - - [17/Apr/2020:09:13:18 +0000] "GET /api/posts/5e95e6cdc483c4154c37ba01 HTTP/1.1" 304 - "http://localhost:4200/post-details/5e95e6cdc483c4154c37ba01" "Mozilla/5.0 (Windows NT 10.0; Win64; x64) AppleWebKit/537.36 (KHTML, like Gecko) Chrome/80.0.3987.163 Safari/537.36"
::1 - - [17/Apr/2020:09:16:11 +0000] "OPTIONS /api/posts/5e95e6cdc483c4154c37ba01 HTTP/1.1" 200 19 "http://localhost:4200/edit/5e95e6cdc483c4154c37ba01" "Mozilla/5.0 (Windows NT 10.0; Win64; x64) AppleWebKit/537.36 (KHTML, like Gecko) Chrome/80.0.3987.163 Safari/537.36"
::1 - - [17/Apr/2020:09:16:12 +0000] "GET /api/posts/5e95e6cdc483c4154c37ba01 HTTP/1.1" 304 - "http://localhost:4200/edit/5e95e6cdc483c4154c37ba01" "Mozilla/5.0 (Windows NT 10.0; Win64; x64) AppleWebKit/537.36 (KHTML, like Gecko) Chrome/80.0.3987.163 Safari/537.36"
::1 - - [17/Apr/2020:09:16:17 +0000] "OPTIONS /api/posts/5e95e6cdc483c4154c37ba01 HTTP/1.1" 200 19 "http://localhost:4200/edit/5e95e6cdc483c4154c37ba01" "Mozilla/5.0 (Windows NT 10.0; Win64; x64) AppleWebKit/537.36 (KHTML, like Gecko) Chrome/80.0.3987.163 Safari/537.36"
::1 - - [17/Apr/2020:09:16:18 +0000] "GET /api/posts/5e95e6cdc483c4154c37ba01 HTTP/1.1" 304 - "http://localhost:4200/edit/5e95e6cdc483c4154c37ba01" "Mozilla/5.0 (Windows NT 10.0; Win64; x64) AppleWebKit/537.36 (KHTML, like Gecko) Chrome/80.0.3987.163 Safari/537.36"
::1 - - [17/Apr/2020:09:16:27 +0000] "OPTIONS /api/posts/?pagesize=4&page=1 HTTP/1.1" 200 13 "http://localhost:4200/" "Mozilla/5.0 (Windows NT 10.0; Win64; x64) AppleWebKit/537.36 (KHTML, like Gecko) Chrome/80.0.3987.163 Safari/537.36"
::1 - - [17/Apr/2020:09:16:28 +0000] "GET /api/posts/?pagesize=4&page=1 HTTP/1.1" 304 - "http://localhost:4200/" "Mozilla/5.0 (Windows NT 10.0; Win64; x64) AppleWebKit/537.36 (KHTML, like Gecko) Chrome/80.0.3987.163 Safari/537.36"
::1 - - [17/Apr/2020:09:16:28 +0000] "GET /images/jwt-1587110864970.png HTTP/1.1" 304 - "http://localhost:4200/" "Mozilla/5.0 (Windows NT 10.0; Win64; x64) AppleWebKit/537.36 (KHTML, like Gecko) Chrome/80.0.3987.163 Safari/537.36"
::1 - - [17/Apr/2020:09:16:28 +0000] "GET /images/new-book-1586882142900.jpg HTTP/1.1" 304 - "http://localhost:4200/" "Mozilla/5.0 (Windows NT 10.0; Win64; x64) AppleWebKit/537.36 (KHTML, like Gecko) Chrome/80.0.3987.163 Safari/537.36"
::1 - - [17/Apr/2020:09:16:28 +0000] "GET /images/hassan-1586882253269.jpg HTTP/1.1" 304 - "http://localhost:4200/" "Mozilla/5.0 (Windows NT 10.0; Win64; x64) AppleWebKit/537.36 (KHTML, like Gecko) Chrome/80.0.3987.163 Safari/537.36"
::1 - - [17/Apr/2020:09:16:31 +0000] "GET /api/posts/?pagesize=4&page=1 HTTP/1.1" 304 - "http://localhost:4200/" "Mozilla/5.0 (Windows NT 10.0; Win64; x64) AppleWebKit/537.36 (KHTML, like Gecko) Chrome/80.0.3987.163 Safari/537.36"
::1 - - [17/Apr/2020:09:16:31 +0000] "GET /images/jwt-1587110864970.png HTTP/1.1" 304 - "http://localhost:4200/" "Mozilla/5.0 (Windows NT 10.0; Win64; x64) AppleWebKit/537.36 (KHTML, like Gecko) Chrome/80.0.3987.163 Safari/537.36"
::1 - - [17/Apr/2020:09:16:31 +0000] "GET /images/hassan-1586882253269.jpg HTTP/1.1" 304 - "http://localhost:4200/" "Mozilla/5.0 (Windows NT 10.0; Win64; x64) AppleWebKit/537.36 (KHTML, like Gecko) Chrome/80.0.3987.163 Safari/537.36"
::1 - - [17/Apr/2020:09:16:31 +0000] "GET /images/new-book-1586882142900.jpg HTTP/1.1" 304 - "http://localhost:4200/" "Mozilla/5.0 (Windows NT 10.0; Win64; x64) AppleWebKit/537.36 (KHTML, like Gecko) Chrome/80.0.3987.163 Safari/537.36"
::1 - - [17/Apr/2020:09:17:25 +0000] "OPTIONS /api/posts/?pagesize=4&page=1 HTTP/1.1" 200 13 "http://localhost:4200/" "Mozilla/5.0 (Windows NT 10.0; Win64; x64) AppleWebKit/537.36 (KHTML, like Gecko) Chrome/80.0.3987.163 Safari/537.36"
::1 - - [17/Apr/2020:09:17:25 +0000] "GET /api/posts/?pagesize=4&page=1 HTTP/1.1" 304 - "http://localhost:4200/" "Mozilla/5.0 (Windows NT 10.0; Win64; x64) AppleWebKit/537.36 (KHTML, like Gecko) Chrome/80.0.3987.163 Safari/537.36"
::1 - - [17/Apr/2020:09:17:25 +0000] "GET /images/jwt-1587110864970.png HTTP/1.1" 304 - "http://localhost:4200/" "Mozilla/5.0 (Windows NT 10.0; Win64; x64) AppleWebKit/537.36 (KHTML, like Gecko) Chrome/80.0.3987.163 Safari/537.36"
::1 - - [17/Apr/2020:09:17:25 +0000] "GET /images/hassan-1586882253269.jpg HTTP/1.1" 304 - "http://localhost:4200/" "Mozilla/5.0 (Windows NT 10.0; Win64; x64) AppleWebKit/537.36 (KHTML, like Gecko) Chrome/80.0.3987.163 Safari/537.36"
::1 - - [17/Apr/2020:09:17:25 +0000] "GET /images/new-book-1586882142900.jpg HTTP/1.1" 304 - "http://localhost:4200/" "Mozilla/5.0 (Windows NT 10.0; Win64; x64) AppleWebKit/537.36 (KHTML, like Gecko) Chrome/80.0.3987.163 Safari/537.36"
::1 - - [17/Apr/2020:09:17:30 +0000] "GET /api/posts/?pagesize=4&page=1 HTTP/1.1" 304 - "http://localhost:4200/" "Mozilla/5.0 (Windows NT 10.0; Win64; x64) AppleWebKit/537.36 (KHTML, like Gecko) Chrome/80.0.3987.163 Safari/537.36"
::1 - - [17/Apr/2020:09:17:30 +0000] "GET /images/jwt-1587110864970.png HTTP/1.1" 304 - "http://localhost:4200/" "Mozilla/5.0 (Windows NT 10.0; Win64; x64) AppleWebKit/537.36 (KHTML, like Gecko) Chrome/80.0.3987.163 Safari/537.36"
::1 - - [17/Apr/2020:09:17:30 +0000] "GET /images/hassan-1586882253269.jpg HTTP/1.1" 304 - "http://localhost:4200/" "Mozilla/5.0 (Windows NT 10.0; Win64; x64) AppleWebKit/537.36 (KHTML, like Gecko) Chrome/80.0.3987.163 Safari/537.36"
::1 - - [17/Apr/2020:09:17:30 +0000] "GET /images/new-book-1586882142900.jpg HTTP/1.1" 304 - "http://localhost:4200/" "Mozilla/5.0 (Windows NT 10.0; Win64; x64) AppleWebKit/537.36 (KHTML, like Gecko) Chrome/80.0.3987.163 Safari/537.36"
::1 - - [17/Apr/2020:09:20:10 +0000] "OPTIONS /api/posts/?pagesize=4&page=1 HTTP/1.1" 200 13 "http://localhost:4200/" "Mozilla/5.0 (Windows NT 10.0; Win64; x64) AppleWebKit/537.36 (KHTML, like Gecko) Chrome/80.0.3987.163 Safari/537.36"
::1 - - [17/Apr/2020:09:20:11 +0000] "GET /api/posts/?pagesize=4&page=1 HTTP/1.1" 304 - "http://localhost:4200/" "Mozilla/5.0 (Windows NT 10.0; Win64; x64) AppleWebKit/537.36 (KHTML, like Gecko) Chrome/80.0.3987.163 Safari/537.36"
::1 - - [17/Apr/2020:09:20:11 +0000] "GET /images/jwt-1587110864970.png HTTP/1.1" 304 - "http://localhost:4200/" "Mozilla/5.0 (Windows NT 10.0; Win64; x64) AppleWebKit/537.36 (KHTML, like Gecko) Chrome/80.0.3987.163 Safari/537.36"
::1 - - [17/Apr/2020:09:20:11 +0000] "GET /images/hassan-1586882253269.jpg HTTP/1.1" 304 - "http://localhost:4200/" "Mozilla/5.0 (Windows NT 10.0; Win64; x64) AppleWebKit/537.36 (KHTML, like Gecko) Chrome/80.0.3987.163 Safari/537.36"
::1 - - [17/Apr/2020:09:20:11 +0000] "GET /images/new-book-1586882142900.jpg HTTP/1.1" 304 - "http://localhost:4200/" "Mozilla/5.0 (Windows NT 10.0; Win64; x64) AppleWebKit/537.36 (KHTML, like Gecko) Chrome/80.0.3987.163 Safari/537.36"
::1 - - [17/Apr/2020:09:20:16 +0000] "GET /api/posts/?pagesize=4&page=1 HTTP/1.1" 304 - "http://localhost:4200/" "Mozilla/5.0 (Windows NT 10.0; Win64; x64) AppleWebKit/537.36 (KHTML, like Gecko) Chrome/80.0.3987.163 Safari/537.36"
::1 - - [17/Apr/2020:09:20:18 +0000] "OPTIONS /api/posts/?pagesize=4&page=1 HTTP/1.1" 200 13 "http://localhost:4200/" "Mozilla/5.0 (Windows NT 10.0; Win64; x64) AppleWebKit/537.36 (KHTML, like Gecko) Chrome/80.0.3987.163 Safari/537.36"
::1 - - [17/Apr/2020:09:20:18 +0000] "GET /api/posts/?pagesize=4&page=1 HTTP/1.1" 304 - "http://localhost:4200/" "Mozilla/5.0 (Windows NT 10.0; Win64; x64) AppleWebKit/537.36 (KHTML, like Gecko) Chrome/80.0.3987.163 Safari/537.36"
::1 - - [17/Apr/2020:09:20:18 +0000] "GET /images/jwt-1587110864970.png HTTP/1.1" 304 - "http://localhost:4200/" "Mozilla/5.0 (Windows NT 10.0; Win64; x64) AppleWebKit/537.36 (KHTML, like Gecko) Chrome/80.0.3987.163 Safari/537.36"
::1 - - [17/Apr/2020:09:20:18 +0000] "GET /images/hassan-1586882253269.jpg HTTP/1.1" 304 - "http://localhost:4200/" "Mozilla/5.0 (Windows NT 10.0; Win64; x64) AppleWebKit/537.36 (KHTML, like Gecko) Chrome/80.0.3987.163 Safari/537.36"
::1 - - [17/Apr/2020:09:20:18 +0000] "GET /images/new-book-1586882142900.jpg HTTP/1.1" 304 - "http://localhost:4200/" "Mozilla/5.0 (Windows NT 10.0; Win64; x64) AppleWebKit/537.36 (KHTML, like Gecko) Chrome/80.0.3987.163 Safari/537.36"
::1 - - [17/Apr/2020:09:20:20 +0000] "OPTIONS /api/posts/5e9963d0aec37f1cf0d42c6a HTTP/1.1" 200 19 "http://localhost:4200/post-details/5e9963d0aec37f1cf0d42c6a" "Mozilla/5.0 (Windows NT 10.0; Win64; x64) AppleWebKit/537.36 (KHTML, like Gecko) Chrome/80.0.3987.163 Safari/537.36"
::1 - - [17/Apr/2020:09:20:20 +0000] "GET /api/posts/5e9963d0aec37f1cf0d42c6a HTTP/1.1" 304 - "http://localhost:4200/post-details/5e9963d0aec37f1cf0d42c6a" "Mozilla/5.0 (Windows NT 10.0; Win64; x64) AppleWebKit/537.36 (KHTML, like Gecko) Chrome/80.0.3987.163 Safari/537.36"
::1 - - [17/Apr/2020:09:20:21 +0000] "GET /api/posts/?pagesize=4&page=1 HTTP/1.1" 304 - "http://localhost:4200/" "Mozilla/5.0 (Windows NT 10.0; Win64; x64) AppleWebKit/537.36 (KHTML, like Gecko) Chrome/80.0.3987.163 Safari/537.36"
::1 - - [17/Apr/2020:09:20:23 +0000] "OPTIONS /api/posts/?pagesize=4&page=1 HTTP/1.1" 200 13 "http://localhost:4200/" "Mozilla/5.0 (Windows NT 10.0; Win64; x64) AppleWebKit/537.36 (KHTML, like Gecko) Chrome/80.0.3987.163 Safari/537.36"
::1 - - [17/Apr/2020:09:20:23 +0000] "GET /api/posts/?pagesize=4&page=1 HTTP/1.1" 304 - "http://localhost:4200/" "Mozilla/5.0 (Windows NT 10.0; Win64; x64) AppleWebKit/537.36 (KHTML, like Gecko) Chrome/80.0.3987.163 Safari/537.36"
::1 - - [17/Apr/2020:09:23:37 +0000] "OPTIONS /api/posts/?pagesize=4&page=1 HTTP/1.1" 200 13 "http://localhost:4200/" "Mozilla/5.0 (Windows NT 10.0; Win64; x64) AppleWebKit/537.36 (KHTML, like Gecko) Chrome/80.0.3987.163 Safari/537.36"
::1 - - [17/Apr/2020:09:23:37 +0000] "GET /api/posts/?pagesize=4&page=1 HTTP/1.1" 304 - "http://localhost:4200/" "Mozilla/5.0 (Windows NT 10.0; Win64; x64) AppleWebKit/537.36 (KHTML, like Gecko) Chrome/80.0.3987.163 Safari/537.36"
::1 - - [17/Apr/2020:09:23:37 +0000] "GET /images/jwt-1587110864970.png HTTP/1.1" 304 - "http://localhost:4200/" "Mozilla/5.0 (Windows NT 10.0; Win64; x64) AppleWebKit/537.36 (KHTML, like Gecko) Chrome/80.0.3987.163 Safari/537.36"
::1 - - [17/Apr/2020:09:23:37 +0000] "GET /images/hassan-1586882253269.jpg HTTP/1.1" 304 - "http://localhost:4200/" "Mozilla/5.0 (Windows NT 10.0; Win64; x64) AppleWebKit/537.36 (KHTML, like Gecko) Chrome/80.0.3987.163 Safari/537.36"
::1 - - [17/Apr/2020:09:23:37 +0000] "GET /images/new-book-1586882142900.jpg HTTP/1.1" 304 - "http://localhost:4200/" "Mozilla/5.0 (Windows NT 10.0; Win64; x64) AppleWebKit/537.36 (KHTML, like Gecko) Chrome/80.0.3987.163 Safari/537.36"
::1 - - [17/Apr/2020:09:26:13 +0000] "OPTIONS /api/posts/?pagesize=4&page=1 HTTP/1.1" 200 13 "http://localhost:4200/" "Mozilla/5.0 (Windows NT 10.0; Win64; x64) AppleWebKit/537.36 (KHTML, like Gecko) Chrome/80.0.3987.163 Safari/537.36"
::1 - - [17/Apr/2020:09:26:13 +0000] "GET /api/posts/?pagesize=4&page=1 HTTP/1.1" 200 - "http://localhost:4200/" "Mozilla/5.0 (Windows NT 10.0; Win64; x64) AppleWebKit/537.36 (KHTML, like Gecko) Chrome/80.0.3987.163 Safari/537.36"
::1 - - [17/Apr/2020:09:26:13 +0000] "GET /images/jwt-1587110864970.png HTTP/1.1" 200 148073 "http://localhost:4200/" "Mozilla/5.0 (Windows NT 10.0; Win64; x64) AppleWebKit/537.36 (KHTML, like Gecko) Chrome/80.0.3987.163 Safari/537.36"
::1 - - [17/Apr/2020:09:26:13 +0000] "GET /images/hassan-1586882253269.jpg HTTP/1.1" 200 488752 "http://localhost:4200/" "Mozilla/5.0 (Windows NT 10.0; Win64; x64) AppleWebKit/537.36 (KHTML, like Gecko) Chrome/80.0.3987.163 Safari/537.36"
::1 - - [17/Apr/2020:09:26:13 +0000] "GET /images/new-book-1586882142900.jpg HTTP/1.1" 200 1344703 "http://localhost:4200/" "Mozilla/5.0 (Windows NT 10.0; Win64; x64) AppleWebKit/537.36 (KHTML, like Gecko) Chrome/80.0.3987.163 Safari/537.36"
::1 - - [17/Apr/2020:09:27:12 +0000] "OPTIONS /api/posts/?pagesize=4&page=1 HTTP/1.1" 200 13 "http://localhost:4200/" "Mozilla/5.0 (Windows NT 10.0; Win64; x64) AppleWebKit/537.36 (KHTML, like Gecko) Chrome/80.0.3987.163 Safari/537.36"
::1 - - [17/Apr/2020:09:27:12 +0000] "GET /api/posts/?pagesize=4&page=1 HTTP/1.1" 200 - "http://localhost:4200/" "Mozilla/5.0 (Windows NT 10.0; Win64; x64) AppleWebKit/537.36 (KHTML, like Gecko) Chrome/80.0.3987.163 Safari/537.36"
::1 - - [17/Apr/2020:09:27:12 +0000] "GET /images/jwt-1587110864970.png HTTP/1.1" 200 148073 "http://localhost:4200/" "Mozilla/5.0 (Windows NT 10.0; Win64; x64) AppleWebKit/537.36 (KHTML, like Gecko) Chrome/80.0.3987.163 Safari/537.36"
::1 - - [17/Apr/2020:09:27:12 +0000] "GET /images/hassan-1586882253269.jpg HTTP/1.1" 200 488752 "http://localhost:4200/" "Mozilla/5.0 (Windows NT 10.0; Win64; x64) AppleWebKit/537.36 (KHTML, like Gecko) Chrome/80.0.3987.163 Safari/537.36"
::1 - - [17/Apr/2020:09:27:12 +0000] "GET /images/new-book-1586882142900.jpg HTTP/1.1" 200 1344703 "http://localhost:4200/" "Mozilla/5.0 (Windows NT 10.0; Win64; x64) AppleWebKit/537.36 (KHTML, like Gecko) Chrome/80.0.3987.163 Safari/537.36"
::1 - - [17/Apr/2020:09:27:43 +0000] "OPTIONS /api/posts/?pagesize=4&page=1 HTTP/1.1" 200 13 "http://localhost:4200/" "Mozilla/5.0 (Windows NT 10.0; Win64; x64) AppleWebKit/537.36 (KHTML, like Gecko) Chrome/80.0.3987.163 Safari/537.36"
::1 - - [17/Apr/2020:09:27:43 +0000] "GET /api/posts/?pagesize=4&page=1 HTTP/1.1" 304 - "http://localhost:4200/" "Mozilla/5.0 (Windows NT 10.0; Win64; x64) AppleWebKit/537.36 (KHTML, like Gecko) Chrome/80.0.3987.163 Safari/537.36"
::1 - - [17/Apr/2020:09:27:43 +0000] "GET /images/jwt-1587110864970.png HTTP/1.1" 304 - "http://localhost:4200/" "Mozilla/5.0 (Windows NT 10.0; Win64; x64) AppleWebKit/537.36 (KHTML, like Gecko) Chrome/80.0.3987.163 Safari/537.36"
::1 - - [17/Apr/2020:09:27:43 +0000] "GET /images/hassan-1586882253269.jpg HTTP/1.1" 304 - "http://localhost:4200/" "Mozilla/5.0 (Windows NT 10.0; Win64; x64) AppleWebKit/537.36 (KHTML, like Gecko) Chrome/80.0.3987.163 Safari/537.36"
::1 - - [17/Apr/2020:09:27:43 +0000] "GET /images/new-book-1586882142900.jpg HTTP/1.1" 304 - "http://localhost:4200/" "Mozilla/5.0 (Windows NT 10.0; Win64; x64) AppleWebKit/537.36 (KHTML, like Gecko) Chrome/80.0.3987.163 Safari/537.36"
::1 - - [17/Apr/2020:09:32:20 +0000] "OPTIONS /api/posts/?pagesize=4&page=1 HTTP/1.1" 200 13 "http://localhost:4200/" "Mozilla/5.0 (Windows NT 10.0; Win64; x64) AppleWebKit/537.36 (KHTML, like Gecko) Chrome/80.0.3987.163 Safari/537.36"
::1 - - [17/Apr/2020:09:32:21 +0000] "GET /api/posts/?pagesize=4&page=1 HTTP/1.1" 200 - "http://localhost:4200/" "Mozilla/5.0 (Windows NT 10.0; Win64; x64) AppleWebKit/537.36 (KHTML, like Gecko) Chrome/80.0.3987.163 Safari/537.36"
::1 - - [17/Apr/2020:09:32:21 +0000] "GET /images/jwt-1587110864970.png HTTP/1.1" 200 148073 "http://localhost:4200/" "Mozilla/5.0 (Windows NT 10.0; Win64; x64) AppleWebKit/537.36 (KHTML, like Gecko) Chrome/80.0.3987.163 Safari/537.36"
::1 - - [17/Apr/2020:09:32:21 +0000] "GET /images/hassan-1586882253269.jpg HTTP/1.1" 200 488752 "http://localhost:4200/" "Mozilla/5.0 (Windows NT 10.0; Win64; x64) AppleWebKit/537.36 (KHTML, like Gecko) Chrome/80.0.3987.163 Safari/537.36"
::1 - - [17/Apr/2020:09:32:21 +0000] "GET /images/new-book-1586882142900.jpg HTTP/1.1" 200 1344703 "http://localhost:4200/" "Mozilla/5.0 (Windows NT 10.0; Win64; x64) AppleWebKit/537.36 (KHTML, like Gecko) Chrome/80.0.3987.163 Safari/537.36"
::1 - - [17/Apr/2020:09:32:48 +0000] "OPTIONS /api/posts/?pagesize=4&page=1 HTTP/1.1" 200 13 "http://localhost:4200/" "Mozilla/5.0 (Windows NT 10.0; Win64; x64) AppleWebKit/537.36 (KHTML, like Gecko) Chrome/80.0.3987.163 Safari/537.36"
::1 - - [17/Apr/2020:09:32:49 +0000] "GET /api/posts/?pagesize=4&page=1 HTTP/1.1" 200 - "http://localhost:4200/" "Mozilla/5.0 (Windows NT 10.0; Win64; x64) AppleWebKit/537.36 (KHTML, like Gecko) Chrome/80.0.3987.163 Safari/537.36"
::1 - - [17/Apr/2020:09:32:49 +0000] "GET /images/jwt-1587110864970.png HTTP/1.1" 200 148073 "http://localhost:4200/" "Mozilla/5.0 (Windows NT 10.0; Win64; x64) AppleWebKit/537.36 (KHTML, like Gecko) Chrome/80.0.3987.163 Safari/537.36"
::1 - - [17/Apr/2020:09:32:49 +0000] "GET /images/hassan-1586882253269.jpg HTTP/1.1" 200 488752 "http://localhost:4200/" "Mozilla/5.0 (Windows NT 10.0; Win64; x64) AppleWebKit/537.36 (KHTML, like Gecko) Chrome/80.0.3987.163 Safari/537.36"
::1 - - [17/Apr/2020:09:32:49 +0000] "GET /images/new-book-1586882142900.jpg HTTP/1.1" 200 1344703 "http://localhost:4200/" "Mozilla/5.0 (Windows NT 10.0; Win64; x64) AppleWebKit/537.36 (KHTML, like Gecko) Chrome/80.0.3987.163 Safari/537.36"
::1 - - [17/Apr/2020:09:32:54 +0000] "OPTIONS /api/posts/?pagesize=4&page=1 HTTP/1.1" 200 13 "http://localhost:4200/" "Mozilla/5.0 (Windows NT 10.0; Win64; x64) AppleWebKit/537.36 (KHTML, like Gecko) Chrome/80.0.3987.163 Safari/537.36"
::1 - - [17/Apr/2020:09:32:54 +0000] "GET /api/posts/?pagesize=4&page=1 HTTP/1.1" 200 - "http://localhost:4200/" "Mozilla/5.0 (Windows NT 10.0; Win64; x64) AppleWebKit/537.36 (KHTML, like Gecko) Chrome/80.0.3987.163 Safari/537.36"
::1 - - [17/Apr/2020:09:32:54 +0000] "GET /images/jwt-1587110864970.png HTTP/1.1" 200 148073 "http://localhost:4200/" "Mozilla/5.0 (Windows NT 10.0; Win64; x64) AppleWebKit/537.36 (KHTML, like Gecko) Chrome/80.0.3987.163 Safari/537.36"
::1 - - [17/Apr/2020:09:32:54 +0000] "GET /images/hassan-1586882253269.jpg HTTP/1.1" 200 488752 "http://localhost:4200/" "Mozilla/5.0 (Windows NT 10.0; Win64; x64) AppleWebKit/537.36 (KHTML, like Gecko) Chrome/80.0.3987.163 Safari/537.36"
::1 - - [17/Apr/2020:09:32:54 +0000] "GET /images/new-book-1586882142900.jpg HTTP/1.1" 200 1344703 "http://localhost:4200/" "Mozilla/5.0 (Windows NT 10.0; Win64; x64) AppleWebKit/537.36 (KHTML, like Gecko) Chrome/80.0.3987.163 Safari/537.36"
::1 - - [17/Apr/2020:09:33:05 +0000] "OPTIONS /api/posts/?pagesize=4&page=1 HTTP/1.1" 200 13 "http://localhost:4200/" "Mozilla/5.0 (Windows NT 10.0; Win64; x64) AppleWebKit/537.36 (KHTML, like Gecko) Chrome/80.0.3987.163 Safari/537.36"
::1 - - [17/Apr/2020:09:33:06 +0000] "GET /api/posts/?pagesize=4&page=1 HTTP/1.1" 304 - "http://localhost:4200/" "Mozilla/5.0 (Windows NT 10.0; Win64; x64) AppleWebKit/537.36 (KHTML, like Gecko) Chrome/80.0.3987.163 Safari/537.36"
::1 - - [17/Apr/2020:09:33:06 +0000] "GET /images/jwt-1587110864970.png HTTP/1.1" 304 - "http://localhost:4200/" "Mozilla/5.0 (Windows NT 10.0; Win64; x64) AppleWebKit/537.36 (KHTML, like Gecko) Chrome/80.0.3987.163 Safari/537.36"
::1 - - [17/Apr/2020:09:33:06 +0000] "GET /images/hassan-1586882253269.jpg HTTP/1.1" 304 - "http://localhost:4200/" "Mozilla/5.0 (Windows NT 10.0; Win64; x64) AppleWebKit/537.36 (KHTML, like Gecko) Chrome/80.0.3987.163 Safari/537.36"
::1 - - [17/Apr/2020:09:33:06 +0000] "GET /images/new-book-1586882142900.jpg HTTP/1.1" 304 - "http://localhost:4200/" "Mozilla/5.0 (Windows NT 10.0; Win64; x64) AppleWebKit/537.36 (KHTML, like Gecko) Chrome/80.0.3987.163 Safari/537.36"
::1 - - [17/Apr/2020:09:33:11 +0000] "OPTIONS /api/posts/?pagesize=4&page=1 HTTP/1.1" 200 13 "http://localhost:4200/" "Mozilla/5.0 (Windows NT 10.0; Win64; x64) AppleWebKit/537.36 (KHTML, like Gecko) Chrome/80.0.3987.163 Safari/537.36"
::1 - - [17/Apr/2020:09:33:11 +0000] "GET /api/posts/?pagesize=4&page=1 HTTP/1.1" 304 - "http://localhost:4200/" "Mozilla/5.0 (Windows NT 10.0; Win64; x64) AppleWebKit/537.36 (KHTML, like Gecko) Chrome/80.0.3987.163 Safari/537.36"
::1 - - [17/Apr/2020:09:33:11 +0000] "GET /images/jwt-1587110864970.png HTTP/1.1" 304 - "http://localhost:4200/" "Mozilla/5.0 (Windows NT 10.0; Win64; x64) AppleWebKit/537.36 (KHTML, like Gecko) Chrome/80.0.3987.163 Safari/537.36"
::1 - - [17/Apr/2020:09:33:11 +0000] "GET /images/hassan-1586882253269.jpg HTTP/1.1" 304 - "http://localhost:4200/" "Mozilla/5.0 (Windows NT 10.0; Win64; x64) AppleWebKit/537.36 (KHTML, like Gecko) Chrome/80.0.3987.163 Safari/537.36"
::1 - - [17/Apr/2020:09:33:11 +0000] "GET /images/new-book-1586882142900.jpg HTTP/1.1" 304 - "http://localhost:4200/" "Mozilla/5.0 (Windows NT 10.0; Win64; x64) AppleWebKit/537.36 (KHTML, like Gecko) Chrome/80.0.3987.163 Safari/537.36"
::1 - - [17/Apr/2020:09:33:18 +0000] "OPTIONS /api/posts/?pagesize=4&page=1 HTTP/1.1" 200 13 "http://localhost:4200/" "Mozilla/5.0 (Windows NT 10.0; Win64; x64) AppleWebKit/537.36 (KHTML, like Gecko) Chrome/80.0.3987.163 Safari/537.36"
::1 - - [17/Apr/2020:09:33:19 +0000] "GET /api/posts/?pagesize=4&page=1 HTTP/1.1" 304 - "http://localhost:4200/" "Mozilla/5.0 (Windows NT 10.0; Win64; x64) AppleWebKit/537.36 (KHTML, like Gecko) Chrome/80.0.3987.163 Safari/537.36"
::1 - - [17/Apr/2020:09:33:19 +0000] "GET /images/jwt-1587110864970.png HTTP/1.1" 304 - "http://localhost:4200/" "Mozilla/5.0 (Windows NT 10.0; Win64; x64) AppleWebKit/537.36 (KHTML, like Gecko) Chrome/80.0.3987.163 Safari/537.36"
::1 - - [17/Apr/2020:09:33:19 +0000] "GET /images/hassan-1586882253269.jpg HTTP/1.1" 304 - "http://localhost:4200/" "Mozilla/5.0 (Windows NT 10.0; Win64; x64) AppleWebKit/537.36 (KHTML, like Gecko) Chrome/80.0.3987.163 Safari/537.36"
::1 - - [17/Apr/2020:09:33:19 +0000] "GET /images/new-book-1586882142900.jpg HTTP/1.1" 304 - "http://localhost:4200/" "Mozilla/5.0 (Windows NT 10.0; Win64; x64) AppleWebKit/537.36 (KHTML, like Gecko) Chrome/80.0.3987.163 Safari/537.36"
::1 - - [17/Apr/2020:09:33:27 +0000] "OPTIONS /api/posts/ HTTP/1.1" 200 13 "http://localhost:4200/create" "Mozilla/5.0 (Windows NT 10.0; Win64; x64) AppleWebKit/537.36 (KHTML, like Gecko) Chrome/80.0.3987.163 Safari/537.36"
::1 - - [17/Apr/2020:09:33:27 +0000] "POST /api/posts/ HTTP/1.1" 201 186 "http://localhost:4200/create" "Mozilla/5.0 (Windows NT 10.0; Win64; x64) AppleWebKit/537.36 (KHTML, like Gecko) Chrome/80.0.3987.163 Safari/537.36"
::1 - - [17/Apr/2020:09:33:27 +0000] "OPTIONS /api/posts/?pagesize=4&page=1 HTTP/1.1" 200 13 "http://localhost:4200/" "Mozilla/5.0 (Windows NT 10.0; Win64; x64) AppleWebKit/537.36 (KHTML, like Gecko) Chrome/80.0.3987.163 Safari/537.36"
::1 - - [17/Apr/2020:09:33:27 +0000] "GET /api/posts/?pagesize=4&page=1 HTTP/1.1" 200 - "http://localhost:4200/" "Mozilla/5.0 (Windows NT 10.0; Win64; x64) AppleWebKit/537.36 (KHTML, like Gecko) Chrome/80.0.3987.163 Safari/537.36"
::1 - - [17/Apr/2020:09:33:27 +0000] "GET /images/hassan-1587116007119.png HTTP/1.1" 200 148073 "http://localhost:4200/" "Mozilla/5.0 (Windows NT 10.0; Win64; x64) AppleWebKit/537.36 (KHTML, like Gecko) Chrome/80.0.3987.163 Safari/537.36"
::1 - - [17/Apr/2020:09:34:03 +0000] "OPTIONS /api/posts/?pagesize=4&page=1 HTTP/1.1" 200 13 "http://localhost:4200/" "Mozilla/5.0 (Windows NT 10.0; Win64; x64) AppleWebKit/537.36 (KHTML, like Gecko) Chrome/80.0.3987.163 Safari/537.36"
::1 - - [17/Apr/2020:09:34:04 +0000] "GET /api/posts/?pagesize=4&page=1 HTTP/1.1" 200 - "http://localhost:4200/" "Mozilla/5.0 (iPhone; CPU iPhone OS 13_2_3 like Mac OS X) AppleWebKit/605.1.15 (KHTML, like Gecko) Version/13.0.3 Mobile/15E148 Safari/604.1"
::1 - - [17/Apr/2020:09:34:04 +0000] "GET /images/hassan-1587116007119.png HTTP/1.1" 200 148073 "http://localhost:4200/" "Mozilla/5.0 (iPhone; CPU iPhone OS 13_2_3 like Mac OS X) AppleWebKit/605.1.15 (KHTML, like Gecko) Version/13.0.3 Mobile/15E148 Safari/604.1"
::1 - - [17/Apr/2020:09:34:04 +0000] "GET /images/jwt-1587110864970.png HTTP/1.1" 200 148073 "http://localhost:4200/" "Mozilla/5.0 (iPhone; CPU iPhone OS 13_2_3 like Mac OS X) AppleWebKit/605.1.15 (KHTML, like Gecko) Version/13.0.3 Mobile/15E148 Safari/604.1"
::1 - - [17/Apr/2020:09:34:04 +0000] "GET /images/hassan-1586882253269.jpg HTTP/1.1" 200 488752 "http://localhost:4200/" "Mozilla/5.0 (iPhone; CPU iPhone OS 13_2_3 like Mac OS X) AppleWebKit/605.1.15 (KHTML, like Gecko) Version/13.0.3 Mobile/15E148 Safari/604.1"
::1 - - [17/Apr/2020:09:34:04 +0000] "GET /images/new-book-1586882142900.jpg HTTP/1.1" 200 1344703 "http://localhost:4200/" "Mozilla/5.0 (iPhone; CPU iPhone OS 13_2_3 like Mac OS X) AppleWebKit/605.1.15 (KHTML, like Gecko) Version/13.0.3 Mobile/15E148 Safari/604.1"
::1 - - [17/Apr/2020:09:34:10 +0000] "OPTIONS /api/users//login HTTP/1.1" 200 4 "http://localhost:4200/auth/login" "Mozilla/5.0 (Windows NT 10.0; Win64; x64) AppleWebKit/537.36 (KHTML, like Gecko) Chrome/80.0.3987.163 Safari/537.36"
::1 - - [17/Apr/2020:09:34:11 +0000] "POST /api/users//login HTTP/1.1" 200 320 "http://localhost:4200/auth/login" "Mozilla/5.0 (iPhone; CPU iPhone OS 13_2_3 like Mac OS X) AppleWebKit/605.1.15 (KHTML, like Gecko) Version/13.0.3 Mobile/15E148 Safari/604.1"
::1 - - [17/Apr/2020:09:34:11 +0000] "OPTIONS /api/posts/?pagesize=4&page=1 HTTP/1.1" 200 13 "http://localhost:4200/" "Mozilla/5.0 (Windows NT 10.0; Win64; x64) AppleWebKit/537.36 (KHTML, like Gecko) Chrome/80.0.3987.163 Safari/537.36"
::1 - - [17/Apr/2020:09:34:11 +0000] "GET /api/posts/?pagesize=4&page=1 HTTP/1.1" 200 - "http://localhost:4200/" "Mozilla/5.0 (iPhone; CPU iPhone OS 13_2_3 like Mac OS X) AppleWebKit/605.1.15 (KHTML, like Gecko) Version/13.0.3 Mobile/15E148 Safari/604.1"
::1 - - [17/Apr/2020:09:34:11 +0000] "GET /images/hassan-1587116007119.png HTTP/1.1" 200 148073 "http://localhost:4200/" "Mozilla/5.0 (iPhone; CPU iPhone OS 13_2_3 like Mac OS X) AppleWebKit/605.1.15 (KHTML, like Gecko) Version/13.0.3 Mobile/15E148 Safari/604.1"
::1 - - [17/Apr/2020:09:34:11 +0000] "GET /images/jwt-1587110864970.png HTTP/1.1" 200 148073 "http://localhost:4200/" "Mozilla/5.0 (iPhone; CPU iPhone OS 13_2_3 like Mac OS X) AppleWebKit/605.1.15 (KHTML, like Gecko) Version/13.0.3 Mobile/15E148 Safari/604.1"
::1 - - [17/Apr/2020:09:34:11 +0000] "GET /images/hassan-1586882253269.jpg HTTP/1.1" 200 488752 "http://localhost:4200/" "Mozilla/5.0 (iPhone; CPU iPhone OS 13_2_3 like Mac OS X) AppleWebKit/605.1.15 (KHTML, like Gecko) Version/13.0.3 Mobile/15E148 Safari/604.1"
::1 - - [17/Apr/2020:09:34:11 +0000] "GET /images/new-book-1586882142900.jpg HTTP/1.1" 200 1344703 "http://localhost:4200/" "Mozilla/5.0 (iPhone; CPU iPhone OS 13_2_3 like Mac OS X) AppleWebKit/605.1.15 (KHTML, like Gecko) Version/13.0.3 Mobile/15E148 Safari/604.1"
::1 - - [17/Apr/2020:09:44:35 +0000] "OPTIONS /api/posts/?pagesize=4&page=1 HTTP/1.1" 200 13 "http://localhost:4200/" "Mozilla/5.0 (Windows NT 10.0; Win64; x64) AppleWebKit/537.36 (KHTML, like Gecko) Chrome/80.0.3987.163 Safari/537.36"
::1 - - [17/Apr/2020:09:44:36 +0000] "GET /api/posts/?pagesize=4&page=1 HTTP/1.1" 200 - "http://localhost:4200/" "Mozilla/5.0 (Windows NT 10.0; Win64; x64) AppleWebKit/537.36 (KHTML, like Gecko) Chrome/80.0.3987.163 Safari/537.36"
::1 - - [17/Apr/2020:09:44:36 +0000] "GET /images/jwt-1587110864970.png HTTP/1.1" 200 148073 "http://localhost:4200/" "Mozilla/5.0 (Windows NT 10.0; Win64; x64) AppleWebKit/537.36 (KHTML, like Gecko) Chrome/80.0.3987.163 Safari/537.36"
::1 - - [17/Apr/2020:09:44:36 +0000] "GET /images/hassan-1587116007119.png HTTP/1.1" 200 148073 "http://localhost:4200/" "Mozilla/5.0 (Windows NT 10.0; Win64; x64) AppleWebKit/537.36 (KHTML, like Gecko) Chrome/80.0.3987.163 Safari/537.36"
::1 - - [17/Apr/2020:09:44:36 +0000] "GET /images/hassan-1586882253269.jpg HTTP/1.1" 200 488752 "http://localhost:4200/" "Mozilla/5.0 (Windows NT 10.0; Win64; x64) AppleWebKit/537.36 (KHTML, like Gecko) Chrome/80.0.3987.163 Safari/537.36"
::1 - - [17/Apr/2020:09:44:36 +0000] "GET /images/new-book-1586882142900.jpg HTTP/1.1" 200 1344703 "http://localhost:4200/" "Mozilla/5.0 (Windows NT 10.0; Win64; x64) AppleWebKit/537.36 (KHTML, like Gecko) Chrome/80.0.3987.163 Safari/537.36"
::1 - - [17/Apr/2020:09:44:40 +0000] "OPTIONS /api/posts/?pagesize=4&page=1 HTTP/1.1" 200 13 "http://localhost:4200/" "Mozilla/5.0 (Windows NT 10.0; Win64; x64) AppleWebKit/537.36 (KHTML, like Gecko) Chrome/80.0.3987.163 Safari/537.36"
::1 - - [17/Apr/2020:09:44:41 +0000] "GET /api/posts/?pagesize=4&page=1 HTTP/1.1" 200 - "http://localhost:4200/" "Mozilla/5.0 (Windows NT 10.0; Win64; x64) AppleWebKit/537.36 (KHTML, like Gecko) Chrome/80.0.3987.163 Safari/537.36"
::1 - - [17/Apr/2020:09:44:41 +0000] "GET /images/hassan-1587116007119.png HTTP/1.1" 200 148073 "http://localhost:4200/" "Mozilla/5.0 (Windows NT 10.0; Win64; x64) AppleWebKit/537.36 (KHTML, like Gecko) Chrome/80.0.3987.163 Safari/537.36"
::1 - - [17/Apr/2020:09:44:41 +0000] "GET /images/jwt-1587110864970.png HTTP/1.1" 200 148073 "http://localhost:4200/" "Mozilla/5.0 (Windows NT 10.0; Win64; x64) AppleWebKit/537.36 (KHTML, like Gecko) Chrome/80.0.3987.163 Safari/537.36"
::1 - - [17/Apr/2020:09:44:41 +0000] "GET /images/hassan-1586882253269.jpg HTTP/1.1" 200 488752 "http://localhost:4200/" "Mozilla/5.0 (Windows NT 10.0; Win64; x64) AppleWebKit/537.36 (KHTML, like Gecko) Chrome/80.0.3987.163 Safari/537.36"
::1 - - [17/Apr/2020:09:44:41 +0000] "GET /images/new-book-1586882142900.jpg HTTP/1.1" 200 1344703 "http://localhost:4200/" "Mozilla/5.0 (Windows NT 10.0; Win64; x64) AppleWebKit/537.36 (KHTML, like Gecko) Chrome/80.0.3987.163 Safari/537.36"
::1 - - [17/Apr/2020:09:45:10 +0000] "OPTIONS /api/posts/?pagesize=4&page=1 HTTP/1.1" 200 13 "http://localhost:4200/" "Mozilla/5.0 (Windows NT 10.0; Win64; x64) AppleWebKit/537.36 (KHTML, like Gecko) Chrome/80.0.3987.163 Safari/537.36"
::1 - - [17/Apr/2020:09:45:10 +0000] "GET /api/posts/?pagesize=4&page=1 HTTP/1.1" 200 - "http://localhost:4200/" "Mozilla/5.0 (Windows NT 10.0; Win64; x64) AppleWebKit/537.36 (KHTML, like Gecko) Chrome/80.0.3987.163 Safari/537.36"
::1 - - [17/Apr/2020:09:45:10 +0000] "GET /images/hassan-1587116007119.png HTTP/1.1" 200 148073 "http://localhost:4200/" "Mozilla/5.0 (Windows NT 10.0; Win64; x64) AppleWebKit/537.36 (KHTML, like Gecko) Chrome/80.0.3987.163 Safari/537.36"
::1 - - [17/Apr/2020:09:45:10 +0000] "GET /images/jwt-1587110864970.png HTTP/1.1" 200 148073 "http://localhost:4200/" "Mozilla/5.0 (Windows NT 10.0; Win64; x64) AppleWebKit/537.36 (KHTML, like Gecko) Chrome/80.0.3987.163 Safari/537.36"
::1 - - [17/Apr/2020:09:45:10 +0000] "GET /images/hassan-1586882253269.jpg HTTP/1.1" 200 488752 "http://localhost:4200/" "Mozilla/5.0 (Windows NT 10.0; Win64; x64) AppleWebKit/537.36 (KHTML, like Gecko) Chrome/80.0.3987.163 Safari/537.36"
::1 - - [17/Apr/2020:09:45:10 +0000] "GET /images/new-book-1586882142900.jpg HTTP/1.1" 200 1344703 "http://localhost:4200/" "Mozilla/5.0 (Windows NT 10.0; Win64; x64) AppleWebKit/537.36 (KHTML, like Gecko) Chrome/80.0.3987.163 Safari/537.36"
::1 - - [17/Apr/2020:09:45:14 +0000] "OPTIONS /api/posts/?pagesize=4&page=1 HTTP/1.1" 200 13 "http://localhost:4200/" "Mozilla/5.0 (Windows NT 10.0; Win64; x64) AppleWebKit/537.36 (KHTML, like Gecko) Chrome/80.0.3987.163 Safari/537.36"
::1 - - [17/Apr/2020:09:45:15 +0000] "GET /api/posts/?pagesize=4&page=1 HTTP/1.1" 200 - "http://localhost:4200/" "Mozilla/5.0 (Windows NT 10.0; Win64; x64) AppleWebKit/537.36 (KHTML, like Gecko) Chrome/80.0.3987.163 Safari/537.36"
::1 - - [17/Apr/2020:09:45:15 +0000] "GET /images/hassan-1587116007119.png HTTP/1.1" 200 148073 "http://localhost:4200/" "Mozilla/5.0 (Windows NT 10.0; Win64; x64) AppleWebKit/537.36 (KHTML, like Gecko) Chrome/80.0.3987.163 Safari/537.36"
::1 - - [17/Apr/2020:09:45:15 +0000] "GET /images/jwt-1587110864970.png HTTP/1.1" 200 148073 "http://localhost:4200/" "Mozilla/5.0 (Windows NT 10.0; Win64; x64) AppleWebKit/537.36 (KHTML, like Gecko) Chrome/80.0.3987.163 Safari/537.36"
::1 - - [17/Apr/2020:09:45:15 +0000] "GET /images/hassan-1586882253269.jpg HTTP/1.1" 200 488752 "http://localhost:4200/" "Mozilla/5.0 (Windows NT 10.0; Win64; x64) AppleWebKit/537.36 (KHTML, like Gecko) Chrome/80.0.3987.163 Safari/537.36"
::1 - - [17/Apr/2020:09:45:15 +0000] "GET /images/new-book-1586882142900.jpg HTTP/1.1" 200 1344703 "http://localhost:4200/" "Mozilla/5.0 (Windows NT 10.0; Win64; x64) AppleWebKit/537.36 (KHTML, like Gecko) Chrome/80.0.3987.163 Safari/537.36"
::1 - - [17/Apr/2020:09:47:39 +0000] "OPTIONS /api/posts/?pagesize=4&page=1 HTTP/1.1" 200 13 "http://localhost:4200/" "Mozilla/5.0 (Windows NT 10.0; Win64; x64) AppleWebKit/537.36 (KHTML, like Gecko) Chrome/80.0.3987.163 Safari/537.36"
::1 - - [17/Apr/2020:09:47:39 +0000] "GET /api/posts/?pagesize=4&page=1 HTTP/1.1" 200 - "http://localhost:4200/" "Mozilla/5.0 (Windows NT 10.0; Win64; x64) AppleWebKit/537.36 (KHTML, like Gecko) Chrome/80.0.3987.163 Safari/537.36"
::1 - - [17/Apr/2020:09:47:40 +0000] "GET /images/hassan-1587116007119.png HTTP/1.1" 200 148073 "http://localhost:4200/" "Mozilla/5.0 (Windows NT 10.0; Win64; x64) AppleWebKit/537.36 (KHTML, like Gecko) Chrome/80.0.3987.163 Safari/537.36"
::1 - - [17/Apr/2020:09:47:40 +0000] "GET /images/jwt-1587110864970.png HTTP/1.1" 200 148073 "http://localhost:4200/" "Mozilla/5.0 (Windows NT 10.0; Win64; x64) AppleWebKit/537.36 (KHTML, like Gecko) Chrome/80.0.3987.163 Safari/537.36"
::1 - - [17/Apr/2020:09:47:40 +0000] "GET /images/hassan-1586882253269.jpg HTTP/1.1" 200 488752 "http://localhost:4200/" "Mozilla/5.0 (Windows NT 10.0; Win64; x64) AppleWebKit/537.36 (KHTML, like Gecko) Chrome/80.0.3987.163 Safari/537.36"
::1 - - [17/Apr/2020:09:47:40 +0000] "GET /images/new-book-1586882142900.jpg HTTP/1.1" 200 1344703 "http://localhost:4200/" "Mozilla/5.0 (Windows NT 10.0; Win64; x64) AppleWebKit/537.36 (KHTML, like Gecko) Chrome/80.0.3987.163 Safari/537.36"
::1 - - [17/Apr/2020:09:47:41 +0000] "OPTIONS /api/posts/5e95e6cdc483c4154c37ba01 HTTP/1.1" 200 19 "http://localhost:4200/post-details/5e95e6cdc483c4154c37ba01" "Mozilla/5.0 (Windows NT 10.0; Win64; x64) AppleWebKit/537.36 (KHTML, like Gecko) Chrome/80.0.3987.163 Safari/537.36"
::1 - - [17/Apr/2020:09:47:42 +0000] "GET /api/posts/5e95e6cdc483c4154c37ba01 HTTP/1.1" 200 230 "http://localhost:4200/post-details/5e95e6cdc483c4154c37ba01" "Mozilla/5.0 (Windows NT 10.0; Win64; x64) AppleWebKit/537.36 (KHTML, like Gecko) Chrome/80.0.3987.163 Safari/537.36"
::1 - - [17/Apr/2020:09:47:42 +0000] "GET /images/hassan-1586882253269.jpg HTTP/1.1" 200 488752 "http://localhost:4200/post-details/5e95e6cdc483c4154c37ba01" "Mozilla/5.0 (Windows NT 10.0; Win64; x64) AppleWebKit/537.36 (KHTML, like Gecko) Chrome/80.0.3987.163 Safari/537.36"
::1 - - [17/Apr/2020:09:47:42 +0000] "OPTIONS /api/posts/?pagesize=4&page=1 HTTP/1.1" 200 13 "http://localhost:4200/" "Mozilla/5.0 (Windows NT 10.0; Win64; x64) AppleWebKit/537.36 (KHTML, like Gecko) Chrome/80.0.3987.163 Safari/537.36"
::1 - - [17/Apr/2020:09:47:43 +0000] "GET /api/posts/?pagesize=4&page=1 HTTP/1.1" 200 - "http://localhost:4200/" "Mozilla/5.0 (Windows NT 10.0; Win64; x64) AppleWebKit/537.36 (KHTML, like Gecko) Chrome/80.0.3987.163 Safari/537.36"
::1 - - [17/Apr/2020:09:47:43 +0000] "GET /images/hassan-1587116007119.png HTTP/1.1" 200 148073 "http://localhost:4200/" "Mozilla/5.0 (Windows NT 10.0; Win64; x64) AppleWebKit/537.36 (KHTML, like Gecko) Chrome/80.0.3987.163 Safari/537.36"
::1 - - [17/Apr/2020:09:47:43 +0000] "GET /images/jwt-1587110864970.png HTTP/1.1" 200 148073 "http://localhost:4200/" "Mozilla/5.0 (Windows NT 10.0; Win64; x64) AppleWebKit/537.36 (KHTML, like Gecko) Chrome/80.0.3987.163 Safari/537.36"
::1 - - [17/Apr/2020:09:47:43 +0000] "GET /images/hassan-1586882253269.jpg HTTP/1.1" 200 488752 "http://localhost:4200/" "Mozilla/5.0 (Windows NT 10.0; Win64; x64) AppleWebKit/537.36 (KHTML, like Gecko) Chrome/80.0.3987.163 Safari/537.36"
::1 - - [17/Apr/2020:09:47:43 +0000] "GET /images/new-book-1586882142900.jpg HTTP/1.1" 200 1344703 "http://localhost:4200/" "Mozilla/5.0 (Windows NT 10.0; Win64; x64) AppleWebKit/537.36 (KHTML, like Gecko) Chrome/80.0.3987.163 Safari/537.36"
::1 - - [17/Apr/2020:09:47:54 +0000] "OPTIONS /api/posts/?pagesize=4&page=1 HTTP/1.1" 200 13 "http://localhost:4200/" "Mozilla/5.0 (Windows NT 10.0; Win64; x64) AppleWebKit/537.36 (KHTML, like Gecko) Chrome/80.0.3987.163 Safari/537.36"
::1 - - [17/Apr/2020:09:47:54 +0000] "GET /api/posts/?pagesize=4&page=1 HTTP/1.1" 200 - "http://localhost:4200/" "Mozilla/5.0 (Windows NT 10.0; Win64; x64) AppleWebKit/537.36 (KHTML, like Gecko) Chrome/80.0.3987.163 Safari/537.36"
::1 - - [17/Apr/2020:09:47:54 +0000] "GET /images/hassan-1587116007119.png HTTP/1.1" 200 148073 "http://localhost:4200/" "Mozilla/5.0 (Windows NT 10.0; Win64; x64) AppleWebKit/537.36 (KHTML, like Gecko) Chrome/80.0.3987.163 Safari/537.36"
::1 - - [17/Apr/2020:09:47:54 +0000] "GET /images/jwt-1587110864970.png HTTP/1.1" 200 148073 "http://localhost:4200/" "Mozilla/5.0 (Windows NT 10.0; Win64; x64) AppleWebKit/537.36 (KHTML, like Gecko) Chrome/80.0.3987.163 Safari/537.36"
::1 - - [17/Apr/2020:09:47:54 +0000] "GET /images/hassan-1586882253269.jpg HTTP/1.1" 200 488752 "http://localhost:4200/" "Mozilla/5.0 (Windows NT 10.0; Win64; x64) AppleWebKit/537.36 (KHTML, like Gecko) Chrome/80.0.3987.163 Safari/537.36"
::1 - - [17/Apr/2020:09:47:54 +0000] "GET /images/new-book-1586882142900.jpg HTTP/1.1" 200 1344703 "http://localhost:4200/" "Mozilla/5.0 (Windows NT 10.0; Win64; x64) AppleWebKit/537.36 (KHTML, like Gecko) Chrome/80.0.3987.163 Safari/537.36"
::1 - - [17/Apr/2020:09:52:54 +0000] "OPTIONS /api/posts/?pagesize=4&page=1 HTTP/1.1" 200 13 "http://localhost:4200/" "Mozilla/5.0 (Windows NT 10.0; Win64; x64) AppleWebKit/537.36 (KHTML, like Gecko) Chrome/80.0.3987.163 Safari/537.36"
::1 - - [17/Apr/2020:09:52:54 +0000] "GET /api/posts/?pagesize=4&page=1 HTTP/1.1" 200 - "http://localhost:4200/" "Mozilla/5.0 (Windows NT 10.0; Win64; x64) AppleWebKit/537.36 (KHTML, like Gecko) Chrome/80.0.3987.163 Safari/537.36"
::1 - - [17/Apr/2020:09:52:54 +0000] "GET /images/hassan-1587116007119.png HTTP/1.1" 200 148073 "http://localhost:4200/" "Mozilla/5.0 (Windows NT 10.0; Win64; x64) AppleWebKit/537.36 (KHTML, like Gecko) Chrome/80.0.3987.163 Safari/537.36"
::1 - - [17/Apr/2020:09:52:54 +0000] "GET /images/jwt-1587110864970.png HTTP/1.1" 200 148073 "http://localhost:4200/" "Mozilla/5.0 (Windows NT 10.0; Win64; x64) AppleWebKit/537.36 (KHTML, like Gecko) Chrome/80.0.3987.163 Safari/537.36"
::1 - - [17/Apr/2020:09:52:54 +0000] "GET /images/hassan-1586882253269.jpg HTTP/1.1" 200 488752 "http://localhost:4200/" "Mozilla/5.0 (Windows NT 10.0; Win64; x64) AppleWebKit/537.36 (KHTML, like Gecko) Chrome/80.0.3987.163 Safari/537.36"
::1 - - [17/Apr/2020:09:52:54 +0000] "GET /images/new-book-1586882142900.jpg HTTP/1.1" 200 1344703 "http://localhost:4200/" "Mozilla/5.0 (Windows NT 10.0; Win64; x64) AppleWebKit/537.36 (KHTML, like Gecko) Chrome/80.0.3987.163 Safari/537.36"
::1 - - [17/Apr/2020:09:52:58 +0000] "OPTIONS /api/posts/?pagesize=4&page=1 HTTP/1.1" 200 13 "http://localhost:4200/" "Mozilla/5.0 (Windows NT 10.0; Win64; x64) AppleWebKit/537.36 (KHTML, like Gecko) Chrome/80.0.3987.163 Safari/537.36"
::1 - - [17/Apr/2020:09:53:00 +0000] "GET /api/posts/?pagesize=4&page=1 HTTP/1.1" 200 - "http://localhost:4200/" "Mozilla/5.0 (Windows NT 10.0; Win64; x64) AppleWebKit/537.36 (KHTML, like Gecko) Chrome/80.0.3987.163 Safari/537.36"
::1 - - [17/Apr/2020:09:53:00 +0000] "GET /images/hassan-1587116007119.png HTTP/1.1" 200 148073 "http://localhost:4200/" "Mozilla/5.0 (Windows NT 10.0; Win64; x64) AppleWebKit/537.36 (KHTML, like Gecko) Chrome/80.0.3987.163 Safari/537.36"
::1 - - [17/Apr/2020:09:53:00 +0000] "GET /images/jwt-1587110864970.png HTTP/1.1" 200 148073 "http://localhost:4200/" "Mozilla/5.0 (Windows NT 10.0; Win64; x64) AppleWebKit/537.36 (KHTML, like Gecko) Chrome/80.0.3987.163 Safari/537.36"
::1 - - [17/Apr/2020:09:53:00 +0000] "GET /images/hassan-1586882253269.jpg HTTP/1.1" 200 488752 "http://localhost:4200/" "Mozilla/5.0 (Windows NT 10.0; Win64; x64) AppleWebKit/537.36 (KHTML, like Gecko) Chrome/80.0.3987.163 Safari/537.36"
::1 - - [17/Apr/2020:09:53:00 +0000] "GET /images/new-book-1586882142900.jpg HTTP/1.1" 200 1344703 "http://localhost:4200/" "Mozilla/5.0 (Windows NT 10.0; Win64; x64) AppleWebKit/537.36 (KHTML, like Gecko) Chrome/80.0.3987.163 Safari/537.36"
::1 - - [17/Apr/2020:09:53:37 +0000] "OPTIONS /api/posts/?pagesize=4&page=1 HTTP/1.1" 200 13 "http://localhost:4200/" "Mozilla/5.0 (Windows NT 10.0; Win64; x64) AppleWebKit/537.36 (KHTML, like Gecko) Chrome/80.0.3987.163 Safari/537.36"
::1 - - [17/Apr/2020:09:53:37 +0000] "GET /api/posts/?pagesize=4&page=1 HTTP/1.1" 200 - "http://localhost:4200/" "Mozilla/5.0 (Windows NT 10.0; Win64; x64) AppleWebKit/537.36 (KHTML, like Gecko) Chrome/80.0.3987.163 Safari/537.36"
::1 - - [17/Apr/2020:09:53:37 +0000] "GET /images/jwt-1587110864970.png HTTP/1.1" 200 148073 "http://localhost:4200/" "Mozilla/5.0 (Windows NT 10.0; Win64; x64) AppleWebKit/537.36 (KHTML, like Gecko) Chrome/80.0.3987.163 Safari/537.36"
::1 - - [17/Apr/2020:09:53:37 +0000] "GET /images/hassan-1587116007119.png HTTP/1.1" 200 148073 "http://localhost:4200/" "Mozilla/5.0 (Windows NT 10.0; Win64; x64) AppleWebKit/537.36 (KHTML, like Gecko) Chrome/80.0.3987.163 Safari/537.36"
::1 - - [17/Apr/2020:09:53:37 +0000] "GET /images/hassan-1586882253269.jpg HTTP/1.1" 200 488752 "http://localhost:4200/" "Mozilla/5.0 (Windows NT 10.0; Win64; x64) AppleWebKit/537.36 (KHTML, like Gecko) Chrome/80.0.3987.163 Safari/537.36"
::1 - - [17/Apr/2020:09:53:37 +0000] "GET /images/new-book-1586882142900.jpg HTTP/1.1" 200 1344703 "http://localhost:4200/" "Mozilla/5.0 (Windows NT 10.0; Win64; x64) AppleWebKit/537.36 (KHTML, like Gecko) Chrome/80.0.3987.163 Safari/537.36"
::1 - - [17/Apr/2020:09:53:57 +0000] "OPTIONS /api/posts/?pagesize=4&page=1 HTTP/1.1" 200 13 "http://localhost:4200/" "Mozilla/5.0 (Windows NT 10.0; Win64; x64) AppleWebKit/537.36 (KHTML, like Gecko) Chrome/80.0.3987.163 Safari/537.36"
::1 - - [17/Apr/2020:09:53:58 +0000] "GET /api/posts/?pagesize=4&page=1 HTTP/1.1" 304 - "http://localhost:4200/" "Mozilla/5.0 (Windows NT 10.0; Win64; x64) AppleWebKit/537.36 (KHTML, like Gecko) Chrome/80.0.3987.163 Safari/537.36"
::1 - - [17/Apr/2020:09:53:58 +0000] "GET /images/hassan-1587116007119.png HTTP/1.1" 304 - "http://localhost:4200/" "Mozilla/5.0 (Windows NT 10.0; Win64; x64) AppleWebKit/537.36 (KHTML, like Gecko) Chrome/80.0.3987.163 Safari/537.36"
::1 - - [17/Apr/2020:09:53:58 +0000] "GET /images/jwt-1587110864970.png HTTP/1.1" 304 - "http://localhost:4200/" "Mozilla/5.0 (Windows NT 10.0; Win64; x64) AppleWebKit/537.36 (KHTML, like Gecko) Chrome/80.0.3987.163 Safari/537.36"
::1 - - [17/Apr/2020:09:53:58 +0000] "GET /images/hassan-1586882253269.jpg HTTP/1.1" 304 - "http://localhost:4200/" "Mozilla/5.0 (Windows NT 10.0; Win64; x64) AppleWebKit/537.36 (KHTML, like Gecko) Chrome/80.0.3987.163 Safari/537.36"
::1 - - [17/Apr/2020:09:53:58 +0000] "GET /images/new-book-1586882142900.jpg HTTP/1.1" 304 - "http://localhost:4200/" "Mozilla/5.0 (Windows NT 10.0; Win64; x64) AppleWebKit/537.36 (KHTML, like Gecko) Chrome/80.0.3987.163 Safari/537.36"
::1 - - [17/Apr/2020:09:54:01 +0000] "OPTIONS /api/posts/5e9977e7b9ec3b1694286d1a HTTP/1.1" 200 19 "http://localhost:4200/post-details/5e9977e7b9ec3b1694286d1a" "Mozilla/5.0 (Windows NT 10.0; Win64; x64) AppleWebKit/537.36 (KHTML, like Gecko) Chrome/80.0.3987.163 Safari/537.36"
::1 - - [17/Apr/2020:09:54:02 +0000] "GET /api/posts/5e9977e7b9ec3b1694286d1a HTTP/1.1" 200 230 "http://localhost:4200/post-details/5e9977e7b9ec3b1694286d1a" "Mozilla/5.0 (Windows NT 10.0; Win64; x64) AppleWebKit/537.36 (KHTML, like Gecko) Chrome/80.0.3987.163 Safari/537.36"
::1 - - [17/Apr/2020:09:54:02 +0000] "OPTIONS /api/posts/?pagesize=4&page=1 HTTP/1.1" 200 13 "http://localhost:4200/" "Mozilla/5.0 (Windows NT 10.0; Win64; x64) AppleWebKit/537.36 (KHTML, like Gecko) Chrome/80.0.3987.163 Safari/537.36"
::1 - - [17/Apr/2020:09:54:03 +0000] "GET /api/posts/?pagesize=4&page=1 HTTP/1.1" 304 - "http://localhost:4200/" "Mozilla/5.0 (Windows NT 10.0; Win64; x64) AppleWebKit/537.36 (KHTML, like Gecko) Chrome/80.0.3987.163 Safari/537.36"
::1 - - [17/Apr/2020:09:54:05 +0000] "GET /api/posts/5e9977e7b9ec3b1694286d1a HTTP/1.1" 304 - "http://localhost:4200/post-details/5e9977e7b9ec3b1694286d1a" "Mozilla/5.0 (Windows NT 10.0; Win64; x64) AppleWebKit/537.36 (KHTML, like Gecko) Chrome/80.0.3987.163 Safari/537.36"
::1 - - [17/Apr/2020:11:36:33 +0000] "OPTIONS /api/posts/?pagesize=4&page=1 HTTP/1.1" 200 13 "http://localhost:4200/" "Mozilla/5.0 (Windows NT 10.0; Win64; x64) AppleWebKit/537.36 (KHTML, like Gecko) Chrome/80.0.3987.163 Safari/537.36"
::1 - - [17/Apr/2020:11:36:34 +0000] "GET /api/posts/?pagesize=4&page=1 HTTP/1.1" 304 - "http://localhost:4200/" "Mozilla/5.0 (Windows NT 10.0; Win64; x64) AppleWebKit/537.36 (KHTML, like Gecko) Chrome/80.0.3987.163 Safari/537.36"
::1 - - [17/Apr/2020:11:36:34 +0000] "GET /images/hassan-1587116007119.png HTTP/1.1" 304 - "http://localhost:4200/" "Mozilla/5.0 (Windows NT 10.0; Win64; x64) AppleWebKit/537.36 (KHTML, like Gecko) Chrome/80.0.3987.163 Safari/537.36"
::1 - - [17/Apr/2020:11:36:34 +0000] "GET /images/jwt-1587110864970.png HTTP/1.1" 304 - "http://localhost:4200/" "Mozilla/5.0 (Windows NT 10.0; Win64; x64) AppleWebKit/537.36 (KHTML, like Gecko) Chrome/80.0.3987.163 Safari/537.36"
::1 - - [17/Apr/2020:11:36:34 +0000] "GET /images/hassan-1586882253269.jpg HTTP/1.1" 304 - "http://localhost:4200/" "Mozilla/5.0 (Windows NT 10.0; Win64; x64) AppleWebKit/537.36 (KHTML, like Gecko) Chrome/80.0.3987.163 Safari/537.36"
::1 - - [17/Apr/2020:11:36:34 +0000] "GET /images/new-book-1586882142900.jpg HTTP/1.1" 304 - "http://localhost:4200/" "Mozilla/5.0 (Windows NT 10.0; Win64; x64) AppleWebKit/537.36 (KHTML, like Gecko) Chrome/80.0.3987.163 Safari/537.36"
::1 - - [17/Apr/2020:11:55:07 +0000] "OPTIONS /api/posts/?pagesize=4&page=1 HTTP/1.1" 200 13 "http://localhost:4200/" "Mozilla/5.0 (Windows NT 10.0; Win64; x64) AppleWebKit/537.36 (KHTML, like Gecko) Chrome/80.0.3987.163 Safari/537.36"
::1 - - [17/Apr/2020:11:55:08 +0000] "GET /api/posts/?pagesize=4&page=1 HTTP/1.1" 304 - "http://localhost:4200/" "Mozilla/5.0 (Windows NT 10.0; Win64; x64) AppleWebKit/537.36 (KHTML, like Gecko) Chrome/80.0.3987.163 Safari/537.36"
::1 - - [17/Apr/2020:11:55:08 +0000] "GET /images/hassan-1587116007119.png HTTP/1.1" 304 - "http://localhost:4200/" "Mozilla/5.0 (Windows NT 10.0; Win64; x64) AppleWebKit/537.36 (KHTML, like Gecko) Chrome/80.0.3987.163 Safari/537.36"
::1 - - [17/Apr/2020:11:55:08 +0000] "GET /images/jwt-1587110864970.png HTTP/1.1" 304 - "http://localhost:4200/" "Mozilla/5.0 (Windows NT 10.0; Win64; x64) AppleWebKit/537.36 (KHTML, like Gecko) Chrome/80.0.3987.163 Safari/537.36"
::1 - - [17/Apr/2020:11:55:08 +0000] "GET /images/hassan-1586882253269.jpg HTTP/1.1" 304 - "http://localhost:4200/" "Mozilla/5.0 (Windows NT 10.0; Win64; x64) AppleWebKit/537.36 (KHTML, like Gecko) Chrome/80.0.3987.163 Safari/537.36"
::1 - - [17/Apr/2020:11:55:08 +0000] "GET /images/new-book-1586882142900.jpg HTTP/1.1" 304 - "http://localhost:4200/" "Mozilla/5.0 (Windows NT 10.0; Win64; x64) AppleWebKit/537.36 (KHTML, like Gecko) Chrome/80.0.3987.163 Safari/537.36"
